<?xml version="1.0" encoding="UTF-8"?>
<!-- Generated by org.testng.reporters.JUnitReportReporter -->
<testsuite hostname="Sumit" failures="0" tests="3" name="Practice.DataProvider" time="0.031" errors="0" timestamp="2023-03-03T22:43:49 IST" skipped="0">
  <testcase classname="Practice.DataProvider" name="readdata" time="0.005"/>
  <system-out/>
  <testcase classname="Practice.DataProvider" name="readdata" time="0.005"/>
  <system-out/>
  <testcase classname="Practice.DataProvider" name="readdata" time="0.021"/>
  <system-out/>
</testsuite> <!-- Practice.DataProvider -->
