<?xml version="1.0" encoding="UTF-8"?>
<!-- Generated by org.testng.reporters.JUnitReportReporter -->
<testsuite hostname="Sumit" failures="0" tests="5" name="Practice.DataProviderEx" time="0.032" errors="0" timestamp="2023-02-26T23:21:33 IST" skipped="0">
  <testcase classname="Practice.DataProviderEx" name="booktickets" time="0.015"/>
  <system-out/>
  <testcase classname="Practice.DataProviderEx" name="booktickets" time="0.005"/>
  <system-out/>
  <testcase classname="Practice.DataProviderEx" name="booktickets" time="0.004"/>
  <system-out/>
  <testcase classname="Practice.DataProviderEx" name="booktickets" time="0.005"/>
  <system-out/>
  <testcase classname="Practice.DataProviderEx" name="booktickets" time="0.003"/>
  <system-out/>
</testsuite> <!-- Practice.DataProviderEx -->
