<?xml version="1.0" encoding="UTF-8"?>
<!-- Generated by org.testng.reporters.JUnitReportReporter -->
<testsuite hostname="Sumit" failures="0" tests="1" name="campaign.CreatecampaignwithproductTest" time="75.137" errors="0" timestamp="2023-02-25T12:20:29 IST" skipped="0">
  <testcase classname="campaign.CreatecampaignwithproductTest" name="createcampaignwithproductTest" time="75.137"/>
  <system-out/>
</testsuite> <!-- campaign.CreatecampaignwithproductTest -->
