<?xml version="1.0" encoding="UTF-8"?>
<!-- Generated by org.testng.reporters.JUnitReportReporter -->
<testsuite hostname="Sumit" failures="0" tests="1" name="Organisation.createorganisation" time="53.913" errors="0" timestamp="2023-03-06T20:19:08 IST" skipped="0">
  <testcase classname="Organisation.createorganisation" name="Createorganisation" time="53.913"/>
  <system-out/>
</testsuite> <!-- Organisation.createorganisation -->
